c:\msys64\home\suijingfeng\learningd3d12\renderer_vulkan\x64\release\vc141.pdb
c:\msys64\home\suijingfeng\learningd3d12\renderer_vulkan\x64\release\r_getmicroseconds.obj
c:\msys64\home\suijingfeng\learningd3d12\renderer_vulkan\x64\release\matrix_multiplication.obj
c:\msys64\home\suijingfeng\learningd3d12\renderer_vulkan\x64\release\multi_texture_vert.obj
c:\msys64\home\suijingfeng\learningd3d12\renderer_vulkan\x64\release\multi_texture_add_frag.obj
c:\msys64\home\suijingfeng\learningd3d12\renderer_vulkan\x64\release\r_sortalgorithm.obj
c:\msys64\home\suijingfeng\learningd3d12\renderer_vulkan\x64\release\r_puff.obj
c:\msys64\home\suijingfeng\learningd3d12\renderer_vulkan\x64\release\tr_noise.obj
c:\msys64\home\suijingfeng\learningd3d12\renderer_vulkan\x64\release\tr_fog.obj
c:\msys64\home\suijingfeng\learningd3d12\renderer_vulkan\x64\release\r_imageprocess.obj
c:\msys64\home\suijingfeng\learningd3d12\renderer_vulkan\x64\release\r_imagepng.obj
c:\msys64\home\suijingfeng\learningd3d12\renderer_vulkan\x64\release\r_imagepcx.obj
c:\msys64\home\suijingfeng\learningd3d12\renderer_vulkan\x64\release\r_imagebmp.obj
c:\msys64\home\suijingfeng\learningd3d12\renderer_vulkan\x64\release\r_findshader.obj
c:\msys64\home\suijingfeng\learningd3d12\renderer_vulkan\x64\release\re_registermodel.obj
c:\msys64\home\suijingfeng\learningd3d12\renderer_vulkan\x64\release\render_export.obj
c:\msys64\home\suijingfeng\learningd3d12\renderer_vulkan\x64\release\ref_import.obj
c:\msys64\home\suijingfeng\learningd3d12\renderer_vulkan\x64\release\rb_showimages.obj
c:\msys64\home\suijingfeng\learningd3d12\renderer_vulkan\x64\release\rb_renderdrawsurflist.obj
c:\msys64\home\suijingfeng\learningd3d12\renderer_vulkan\x64\release\rb_drawtris.obj
c:\msys64\home\suijingfeng\learningd3d12\renderer_vulkan\x64\release\rb_drawnormals.obj
c:\msys64\home\suijingfeng\learningd3d12\renderer_vulkan\x64\release\rb_deformgeometry.obj
c:\msys64\home\suijingfeng\learningd3d12\renderer_vulkan\x64\release\rb_debuggraphics.obj
c:\msys64\home\suijingfeng\learningd3d12\renderer_vulkan\x64\release\glconfig.obj
c:\msys64\home\suijingfeng\learningd3d12\renderer_vulkan\x64\release\fixrendercommandlist.obj
c:\msys64\home\suijingfeng\learningd3d12\renderer_vulkan\x64\release\tr_backend.obj
c:\msys64\home\suijingfeng\learningd3d12\renderer_vulkan\x64\release\r_stretchraw.obj
c:\msys64\home\suijingfeng\learningd3d12\renderer_vulkan\x64\release\r_sortdrawsurfs.obj
c:\msys64\home\suijingfeng\learningd3d12\renderer_vulkan\x64\release\r_shadertext.obj
c:\msys64\home\suijingfeng\learningd3d12\renderer_vulkan\x64\release\r_shadercommands.obj
c:\msys64\home\suijingfeng\learningd3d12\renderer_vulkan\x64\release\r_rotateforviewer.obj
c:\msys64\home\suijingfeng\learningd3d12\renderer_vulkan\x64\release\r_printmat.obj
c:\msys64\home\suijingfeng\learningd3d12\renderer_vulkan\x64\release\r_portalplane.obj
c:\msys64\home\suijingfeng\learningd3d12\renderer_vulkan\x64\release\r_portal.obj
c:\msys64\home\suijingfeng\learningd3d12\renderer_vulkan\x64\release\r_parser.obj
c:\msys64\home\suijingfeng\learningd3d12\renderer_vulkan\x64\release\r_loadmd3.obj
c:\msys64\home\suijingfeng\learningd3d12\renderer_vulkan\x64\release\r_loadimage.obj
c:\msys64\home\suijingfeng\learningd3d12\renderer_vulkan\x64\release\r_imagetga.obj
c:\msys64\home\suijingfeng\learningd3d12\renderer_vulkan\x64\release\tr_scene.obj
c:\msys64\home\suijingfeng\learningd3d12\renderer_vulkan\x64\release\tr_model_iqm.obj
c:\msys64\home\suijingfeng\learningd3d12\renderer_vulkan\x64\release\tr_model.obj
c:\msys64\home\suijingfeng\learningd3d12\renderer_vulkan\x64\release\tr_marks.obj
c:\msys64\home\suijingfeng\learningd3d12\renderer_vulkan\x64\release\tr_main.obj
c:\msys64\home\suijingfeng\learningd3d12\renderer_vulkan\x64\release\tr_light.obj
c:\msys64\home\suijingfeng\learningd3d12\renderer_vulkan\x64\release\tr_init.obj
c:\msys64\home\suijingfeng\learningd3d12\renderer_vulkan\x64\release\tr_image.obj
c:\msys64\home\suijingfeng\learningd3d12\renderer_vulkan\x64\release\tr_globals.obj
c:\msys64\home\suijingfeng\learningd3d12\renderer_vulkan\x64\release\tr_font.obj
c:\msys64\home\suijingfeng\learningd3d12\renderer_vulkan\x64\release\tr_flares.obj
c:\msys64\home\suijingfeng\learningd3d12\renderer_vulkan\x64\release\tr_cvar.obj
c:\msys64\home\suijingfeng\learningd3d12\renderer_vulkan\x64\release\tr_curve.obj
c:\msys64\home\suijingfeng\learningd3d12\renderer_vulkan\x64\release\tr_cull.obj
c:\msys64\home\suijingfeng\learningd3d12\renderer_vulkan\x64\release\tr_common.obj
c:\msys64\home\suijingfeng\learningd3d12\renderer_vulkan\x64\release\tr_cmds.obj
c:\msys64\home\suijingfeng\learningd3d12\renderer_vulkan\x64\release\tr_bsp.obj
c:\msys64\home\suijingfeng\learningd3d12\renderer_vulkan\x64\release\vk_screenshot.obj
c:\msys64\home\suijingfeng\learningd3d12\renderer_vulkan\x64\release\vk_pipelines.obj
c:\msys64\home\suijingfeng\learningd3d12\renderer_vulkan\x64\release\vk_khr_display.obj
c:\msys64\home\suijingfeng\learningd3d12\renderer_vulkan\x64\release\vk_instance.obj
c:\msys64\home\suijingfeng\learningd3d12\renderer_vulkan\x64\release\vk_init.obj
c:\msys64\home\suijingfeng\learningd3d12\renderer_vulkan\x64\release\vk_image_sampler2.obj
c:\msys64\home\suijingfeng\learningd3d12\renderer_vulkan\x64\release\vk_image.obj
c:\msys64\home\suijingfeng\learningd3d12\renderer_vulkan\x64\release\vk_global_stage_pipelines.obj
c:\msys64\home\suijingfeng\learningd3d12\renderer_vulkan\x64\release\vk_frame.obj
c:\msys64\home\suijingfeng\learningd3d12\renderer_vulkan\x64\release\vk_descriptor_sets.obj
c:\msys64\home\suijingfeng\learningd3d12\renderer_vulkan\x64\release\vk_debug_pipelines.obj
c:\msys64\home\suijingfeng\learningd3d12\renderer_vulkan\x64\release\vk_cmd.obj
c:\msys64\home\suijingfeng\learningd3d12\renderer_vulkan\x64\release\vk_cinematic.obj
c:\msys64\home\suijingfeng\learningd3d12\renderer_vulkan\x64\release\vk_buffers.obj
c:\msys64\home\suijingfeng\learningd3d12\renderer_vulkan\x64\release\tr_world.obj
c:\msys64\home\suijingfeng\learningd3d12\renderer_vulkan\x64\release\tr_sky.obj
c:\msys64\home\suijingfeng\learningd3d12\renderer_vulkan\x64\release\tr_shader.obj
c:\msys64\home\suijingfeng\learningd3d12\renderer_vulkan\x64\release\tr_shade.obj
c:\msys64\home\suijingfeng\learningd3d12\renderer_vulkan\x64\release\vk_validation.obj
c:\msys64\home\suijingfeng\learningd3d12\renderer_vulkan\x64\release\vk_utils.obj
c:\msys64\home\suijingfeng\learningd3d12\renderer_vulkan\x64\release\vk_swapchain.obj
c:\msys64\home\suijingfeng\learningd3d12\renderer_vulkan\x64\release\vk_shade_geometry.obj
c:\msys64\home\suijingfeng\learningd3d12\renderer_vulkan\x64\release\vk_shaders.obj
c:\msys64\home\suijingfeng\learningd3d12\renderer_vulkan\x64\release\r_modelbounds.obj
c:\msys64\home\suijingfeng\learningd3d12\renderer_vulkan\x64\release\r_loadmdr.obj
c:\msys64\home\suijingfeng\learningd3d12\renderer_vulkan\x64\release\r_lerptag.obj
c:\msys64\home\suijingfeng\learningd3d12\renderer_vulkan\x64\release\rb_surfaceanim.obj
c:\msys64\home\suijingfeng\learningd3d12\renderer_vulkan\x64\release\tr_mesh.obj
c:\msys64\home\suijingfeng\learningd3d12\renderer_vulkan\x64\release\tr_animation.obj
c:\msys64\home\suijingfeng\learningd3d12\renderer_vulkan\x64\release\tr_surface.obj
c:\msys64\home\suijingfeng\learningd3d12\renderer_vulkan\x64\release\r_imagejpg.obj
c:\msys64\home\suijingfeng\learningd3d12\renderer_vulkan\x64\release\multi_texture_mul_frag.obj
c:\msys64\home\suijingfeng\learningd3d12\renderer_vulkan\x64\release\multi_texture_clipping_plane_vert.obj
c:\msys64\home\suijingfeng\learningd3d12\renderer_vulkan\x64\release\single_texture_vert.obj
c:\msys64\home\suijingfeng\learningd3d12\renderer_vulkan\x64\release\single_texture_frag.obj
c:\msys64\home\suijingfeng\learningd3d12\renderer_vulkan\x64\release\single_texture_clipping_plane_vert.obj
c:\msys64\home\suijingfeng\learningd3d12\renderer_vulkan\x64\release\renderer_vulkan.tlog\cl.command.1.tlog
c:\msys64\home\suijingfeng\learningd3d12\renderer_vulkan\x64\release\renderer_vulkan.tlog\cl.read.1.tlog
c:\msys64\home\suijingfeng\learningd3d12\renderer_vulkan\x64\release\renderer_vulkan.tlog\cl.write.1.tlog
